melonDS 1.0
https://melonds.kuribo64.net
Opened "/home/barret/.config/melonDS/melonDS.toml" with FileMode 0x1 (effective mode "rb")
Opened "/home/barret/.config/melonDS/melonDS.toml" with FileMode 0x20 (effective mode "ab")
Opened "/home/barret/.config/melonDS/melonDS.toml" with FileMode 0x1 (effective mode "rb")
MP comm init OK
PCap: lib libpcap.so.1, init successful
PCap: failed to open adapter: eth0: You don't have permission to perform this capture on that device (socket: Operation not permitted)
Audio output frequency: 48000 Hz
Created a OpenGL context
GL_VENDOR: Mesa
GL_RENDERER: NV166
GL_VERSION: 4.3 (Core Profile) Mesa 24.3.4-arch1.1
GL_SHADING_LANGUAGE_VERSION: 4.30
Opened "/home/barret/Downloads/black.nds" with FileMode 0x1 (effective mode "rb")
Opened "/home/barret/Downloads/black.sav" with FileMode 0x1 (effective mode "rb")
Opened "/home/barret/Downloads/black.sav" with FileMode 0x1 (effective mode "rb")
Opened "/home/barret/Downloads/black.sav" with FileMode 0x20 (effective mode "ab")
H8/300 has been createdOpened "/home/barret/.config/melonDS/wfcsettings.bin" with FileMode 0x1 (effective mode "rb")
Resetting JIT block cache...
done resetting jit mem
done resetting jit mem
MAC: 00:09:BF:11:22:33
FW: WIFI CRC16 = GOOD
FW: AP1 CRC16 = GOOD
FW: AP2 CRC16 = GOOD
FW: AP3 CRC16 = GOOD
FW: USER0 CRC16 = GOOD
FW: USER1 CRC16 = GOOD
Opened "/home/barret/.config/melonDS/rtc.bin" with FileMode 0x1 (effective mode "rb")
Re-encrypting cart secure area
NDSCart: Initialized Key1_KeyBuf to zero
NDSCart: Initialized Key1_KeyBuf to zero
Re-encrypted cart secure area
Inserted cart with game code: IRBO
Inserted cart with ID: 4000FFC2
ROM entry: 10000000 00000006
Ejected GBA cart
Failed to open "/home/barret/Downloads/black.mch" with FileMode 0x11 (effective mode "r")
Resetting JIT block cache...
done resetting jit mem
done resetting jit mem
MAC: 00:09:BF:11:22:33
FW: WIFI CRC16 = GOOD
FW: AP1 CRC16 = GOOD
FW: AP2 CRC16 = GOOD
FW: AP3 CRC16 = GOOD
FW: USER0 CRC16 = GOOD
FW: USER1 CRC16 = GOOD
remapping SWRAM
NDSCart: Initialized Key1_KeyBuf to zero
NDSCart: Initialized Key1_KeyBuf to zero
Secure area decryption OK
remapping DTCM 0 1000 ffffffff ffffffff
PU: region 0 = 04000033 : enabled, start: 04000000 size: 19
PU: region 0 = 04000033 : enabled, start: 04000000 size: 19
PU: region 1 = 0200002B : enabled, start: 02000000 size: 15
PU: region 1 = 0200002B : enabled, start: 02000000 size: 15
PU: region 2 = 00000000 : disabled, start: 00000000 size: 00
PU: region 2 = 00000000 : disabled, start: 00000000 size: 00
PU: region 3 = 08000035 : enabled, start: 08000000 size: 1A
PU: region 3 = 08000035 : enabled, start: 08000000 size: 1A
PU: region 4 = 0300001B : enabled, start: 03000000 size: 0D
PU: region 4 = 0300001B : enabled, start: 03000000 size: 0D
PU: region 5 = 00000000 : disabled, start: 00000000 size: 00
PU: region 5 = 00000000 : disabled, start: 00000000 size: 00
PU: region 6 = FFFF001D : enabled, start: FFFF0000 size: 0E
PU: region 6 = FFFF001D : enabled, start: FFFF0000 size: 0E
PU: region 7 = 027FF017 : enabled, start: 027FF000 size: 0B
PU: region 7 = 027FF017 : enabled, start: 027FF000 size: 0B
remapping DTCM 3000000 3004000 0 fffff000
Game is now booting
Mic init failed: No such device.
Opened "/home/barret/.config/melonDS/melonDS.toml" with FileMode 0x1 (effective mode "rb")
Opened "/home/barret/.config/melonDS/melonDS.toml" with FileMode 0x20 (effective mode "ab")
Opened "/home/barret/Downloads/black.ml1" with FileMode 0x1 (effective mode "rb")
Failed to open "/home/barret/Downloads/black.ml2" with FileMode 0x1 (effective mode "rb")
Failed to open "/home/barret/Downloads/black.ml3" with FileMode 0x1 (effective mode "rb")
Failed to open "/home/barret/Downloads/black.ml4" with FileMode 0x1 (effective mode "rb")
Failed to open "/home/barret/Downloads/black.ml5" with FileMode 0x1 (effective mode "rb")
Failed to open "/home/barret/Downloads/black.ml6" with FileMode 0x1 (effective mode "rb")
Failed to open "/home/barret/Downloads/black.ml7" with FileMode 0x1 (effective mode "rb")
Failed to open "/home/barret/Downloads/black.ml8" with FileMode 0x1 (effective mode "rb")
remapping DTCM ffffffff ffffffff 3000000 2ffc000
remapping DTCM 2fe0000 2fe4000 ffffffff ffffffff
PU: region 0 = 04000033 : enabled, start: 04000000 size: 19
PU: region 4 = 02FE001B : enabled, start: 02FE0000 size: 0D
PU: region 5 = 0100002F : enabled, start: 01000000 size: 17
PU: region 6 = FFFF001D : enabled, start: FFFF0000 size: 0E
PU: region 1 = 02000031 : enabled, start: 02000000 size: 18
PU: region 2 = 027FF017 : enabled, start: 027FF000 size: 0B
PU: region 3 = 08000035 : enabled, start: 08000000 size: 1A
PU: region 7 = 02FFF017 : enabled, start: 02FFF000 size: 0B
PU region 0: 04000000-07FFFFFF, user=00 priv=07, 15111111/05101011
PU region 1: 02000000-03FFFFFF, user=70 priv=77, 15111111/05101011
PU region 2: 027FF000-027FFFFF, user=00 priv=03, 15111111/05101011
PU region 3: 08000000-0FFFFFFF, user=00 priv=07, 15111111/05101011
PU region 4: 02FE0000-02FE3FFF, user=00 priv=03, 15111111/05101011
PU region 5: 01000000-01FFFFFF, user=00 priv=07, 15111111/05101011
PU region 6: FFFF0000-FFFF7FFF, user=50 priv=55, 15111111/05101011
PU region 7: 02FFF000-02FFFFFF, user=00 priv=03, 15111111/05101011
PU: region 1 = 0200002B : enabled, start: 02000000 size: 15
PU region 0: 04000000-07FFFFFF, user=00 priv=07, 15111111/05101011
PU region 1: 02000000-023FFFFF, user=70 priv=77, 15111111/05101011
PU region 2: 027FF000-027FFFFF, user=00 priv=03, 15111111/05101011
PU region 3: 08000000-0FFFFFFF, user=00 priv=07, 15111111/05101011
PU region 4: 02FE0000-02FE3FFF, user=00 priv=03, 15111111/05101011
PU region 5: 01000000-01FFFFFF, user=00 priv=07, 15111111/05101011
PU region 6: FFFF0000-FFFF7FFF, user=50 priv=55, 15111111/05101011
PU region 7: 02FFF000-02FFFFFF, user=00 priv=03, 15111111/05101011
PU: region 2 = 027FF017 : enabled, start: 027FF000 size: 0B
PU region 0: 04000000-07FFFFFF, user=00 priv=07, 15111111/05101011
PU region 1: 02000000-023FFFFF, user=70 priv=77, 15111111/05101011
PU region 2: 027FF000-027FFFFF, user=00 priv=03, 15111111/05101011
PU region 3: 08000000-0FFFFFFF, user=00 priv=07, 15111111/05101011
PU region 4: 02FE0000-02FE3FFF, user=00 priv=03, 15111111/05101011
PU region 5: 01000000-01FFFFFF, user=00 priv=07, 15111111/05101011
PU region 6: FFFF0000-FFFF7FFF, user=50 priv=55, 15111111/05101011
PU region 7: 02FFF000-02FFFFFF, user=00 priv=03, 15111111/05101011
WIFI: ON
wifi: TRX power OFF
wifi: invalid channel values 0004C:00000
wifi: invalid channel values 0004C:0004F
wifi: invalid channel values 0004C:0004F
wifi: invalid channel values 0004C:0004F
WIFI: OFF
unknown ARM9 IO write32 04001060 00000000 01FF809C
unknown ARM9 IO write32 04001064 00000000 01FF809C
unknown ARM9 IO write32 04001068 00000000 01FF809C
saving firmware for instance 0
SaveManager: Flush requested
saving firmware for instance 0
saving firmware for instance 0
saving firmware for instance 0
SaveManager: Flush requested
Opened "/home/barret/Downloads/black.ml1" with FileMode 0x1 (effective mode "rb")
Opened "/home/barret/Downloads/black.ml1" with FileMode 0x1 (effective mode "rb")
PU region 0: 04000000-07FFFFFF, user=00 priv=07, 15111111/05101011
PU region 1: 02000000-023FFFFF, user=70 priv=77, 15111111/05101011
PU region 2: 027FF000-027FFFFF, user=00 priv=03, 15111111/05101011
PU region 3: 08000000-0FFFFFFF, user=00 priv=07, 15111111/05101011
PU region 4: 02FE0000-02FE3FFF, user=00 priv=03, 15111111/05101011
PU region 5: 01000000-01FFFFFF, user=00 priv=07, 15111111/05101011
PU region 6: FFFF0000-FFFF7FFF, user=50 priv=55, 15111111/05101011
PU region 7: 02FFF000-02FFFFFF, user=00 priv=03, 15111111/05101011
Resetting JIT block cache...
done resetting jit mem
done resetting jit mem
SaveManager: Flush requested
wifi: TRX power OFF
wifi: TRX power ON
wifi: TRX power OFF
wifi: TRX power ON
wifi: TRX power OFF
wifi: TRX power ON
wifi: TRX power OFF
wifi: TRX power ON
wifi: TRX power OFF
wifi: TRX power ON
wifi: TRX power OFF
wifi: TRX power ON
wifi: TRX power OFF
Opened "/home/barret/.config/melonDS/wfcsettings.bin" with FileMode 0x2 (effective mode "wb")
SaveManager: Wrote 2304 bytes to /home/barret/.config/melonDS/wfcsettings.bin
Opened "/home/barret/Downloads/black.sav" with FileMode 0x2 (effective mode "wb")
SaveManager: Wrote 524288 bytes to /home/barret/Downloads/black.sav
wifi: TRX power ON
wifi: TRX power OFF
wifi: TRX power ON
wifi: TRX power OFF
wifi: TRX power ON
wifi: TRX power OFF
wifi: TRX power ON
wifi: TRX power OFF
wifi: TRX power ON
wifi: TRX power OFF
wifi: TRX power ON
wifi: TRX power OFF
wifi: TRX power ON
wifi: TRX power OFF
wifi: TRX power ON
wifi: TRX power OFF
wifi: invalid channel values 0004C:0006C
wifi: invalid channel values 0004C:0004F
wifi: invalid channel values 0004C:0004F
wifi: switching to channel 7
wifi: TRX power ON
received frame but bad channel 6 (expected 7)
wifi: TRX power OFF
wifi: invalid channel values 0004D:0004A
wifi: switching to channel 13
wifi: TRX power ON
received frame but bad channel 6 (expected 13)
wifi: TRX power OFF
wifi: invalid channel values 0004B:00008
wifi: switching to channel 1
wifi: TRX power ON
wifi: TRX power OFF
wifi: invalid channel values 0004C:0006C
wifi: switching to channel 7
wifi: TRX power ON
wifi: TRX power OFF
wifi: invalid channel values 0004D:0004A
wifi: switching to channel 13
wifi: TRX power ON
received frame but bad channel 6 (expected 13)
wifi: TRX power OFF
wifi: invalid channel values 0004B:00008
wifi: switching to channel 1
wifi: TRX power ON
wifi: TRX power OFF
wifi: invalid channel values 0004C:0006C
wifi: switching to channel 7
wifi: TRX power ON
received frame but bad channel 6 (expected 7)
wifi: TRX power OFF
wifi: invalid channel values 0004D:0004A
wifi: switching to channel 13
wifi: TRX power ON
wifi: TRX power OFF
wifi: invalid channel values 0004B:00008
wifi: switching to channel 1
wifi: TRX power ON
wifi: TRX power OFF
wifi: invalid channel values 0004C:0006C
wifi: switching to channel 7
wifi: TRX power ON
received frame but bad channel 6 (expected 7)
wifi: TRX power OFF
wifi: invalid channel values 0004D:0004A
wifi: switching to channel 13
wifi: TRX power ON
wifi: TRX power OFF
wifi: invalid channel values 0004B:00008
wifi: switching to channel 1
wifi: TRX power ON
received frame but bad channel 6 (expected 1)
wifi: TRX power OFF
wifi: invalid channel values 0004C:0006C
wifi: switching to channel 7
wifi: TRX power ON
wifi: TRX power OFF
wifi: invalid channel values 0004D:0004A
wifi: switching to channel 13
wifi: TRX power ON
wifi: TRX power OFF
wifi: invalid channel values 0004B:00008
wifi: switching to channel 1
wifi: TRX power ON
received frame but bad channel 6 (expected 1)
wifi: TRX power OFF
wifi: invalid channel values 0004C:0006C
wifi: switching to channel 7
wifi: TRX power ON
wifi: TRX power OFF
wifi: invalid channel values 0004D:0004A
wifi: switching to channel 13
wifi: TRX power ON
wifi: TRX power OFF
wifi: invalid channel values 0004B:00008
wifi: switching to channel 1
wifi: TRX power ON
received frame but bad channel 6 (expected 1)
wifi: TRX power OFF
wifi: invalid channel values 0004C:0006C
wifi: switching to channel 7
wifi: TRX power ON
wifi: TRX power OFF
wifi: invalid channel values 0004D:0004A
wifi: switching to channel 13
wifi: TRX power ON
received frame but bad channel 6 (expected 13)
wifi: TRX power OFF
wifi: invalid channel values 0004B:00008
wifi: switching to channel 1
wifi: TRX power ON
wifi: TRX power OFF
wifi: invalid channel values 0004C:0006C
wifi: switching to channel 7
wifi: TRX power ON
wifi: TRX power OFF
wifi: invalid channel values 0004D:0004A
wifi: switching to channel 13
wifi: TRX power ON
received frame but bad channel 6 (expected 13)
wifi: TRX power OFF
wifi: invalid channel values 0004B:00008
wifi: switching to channel 1
wifi: TRX power ON
wifi: TRX power OFF
wifi: invalid channel values 0004C:0006C
wifi: switching to channel 7
wifi: TRX power ON
wifi: TRX power OFF
wifi: invalid channel values 0004D:0004A
wifi: switching to channel 13
wifi: TRX power ON
received frame but bad channel 6 (expected 13)
wifi: TRX power OFF
wifi: invalid channel values 0004C:00008
wifi: invalid channel values 0004C:0004F
wifi: invalid channel values 0004D:0004F
wifi: switching to channel 13
wifi: TRX power ON
wifi: TRX power OFF
wifi: TRX power ON
wifi: TRX power OFF
wifi: TRX power ON
wifi: TRX power OFF
wifi: TRX power ON
wifi: TRX power OFF
wifi: TRX power ON
wifi: TRX power OFF
wifi: TRX power ON
wifi: TRX power OFF
wifi: TRX power ON
wifi: TRX power OFF
wifi: TRX power ON
wifi: TRX power OFF
wifi: TRX power ON
wifi: TRX power OFF
wifi: TRX power ON
wifi: TRX power OFF
SaveManager: Flush requested
SaveManager: Flush requested
wifi: TRX power ON
wifi: TRX power OFF
SaveManager: Flush requested
SaveManager: Flush requested
SaveManager: Flush requested
SaveManager: Flush requested
SaveManager: Flush requested
SaveManager: Flush requested
SaveManager: Flush requested
SaveManager: Flush requested
wifi: TRX power ON
wifi: TRX power OFF
SaveManager: Flush requested
SaveManager: Flush requested
SaveManager: Flush requested
SaveManager: Flush requested
SaveManager: Flush requested
SaveManager: Flush requested
wifi: TRX power ON
wifi: TRX power OFF
SaveManager: Flush requested
SaveManager: Flush requested
SaveManager: Flush requested
SaveManager: Flush requested
SaveManager: Flush requested
SaveManager: Flush requested
wifi: TRX power ON
wifi: TRX power OFF
SaveManager: Flush requested
SaveManager: Flush requested
SaveManager: Flush requested
SaveManager: Flush requested
SaveManager: Flush requested
SaveManager: Flush requested
SaveManager: Flush requested
SaveManager: Flush requested
wifi: TRX power ON
wifi: TRX power OFF
SaveManager: Flush requested
SaveManager: Flush requested
SaveManager: Flush requested
SaveManager: Flush requested
SaveManager: Flush requested
SaveManager: Flush requested
SaveManager: Flush requested
wifi: TRX power ON
wifi: TRX power OFF
SaveManager: Flush requested
SaveManager: Flush requested
SaveManager: Flush requested
SaveManager: Flush requested
wifi: TRX power ON
wifi: TRX power OFF
SaveManager: Flush requested
wifi: invalid channel values 0004C:00008
wifi: invalid channel values 0004C:0004F
wifi: invalid channel values 0004C:0004F
wifi: switching to channel 7
wifi: TRX power ON
received frame but bad channel 6 (expected 7)
SaveManager: Flush requested
SaveManager: Flush requested
wifi: TRX power OFF
wifi: invalid channel values 0004D:0004A
wifi: switching to channel 13
wifi: TRX power ON
SaveManager: Flush requested
wifi: TRX power OFF
wifi: invalid channel values 0004B:00008
wifi: switching to channel 1
wifi: TRX power ON
SaveManager: Flush requested
received frame but bad channel 6 (expected 1)
SaveManager: Flush requested
wifi: TRX power OFF
wifi: invalid channel values 0004C:0006C
wifi: switching to channel 7
wifi: TRX power ON
SaveManager: Flush requested
SaveManager: Flush requested
wifi: TRX power OFF
wifi: invalid channel values 0004D:0004A
wifi: switching to channel 13
wifi: TRX power ON
SaveManager: Flush requested
wifi: TRX power OFF
wifi: invalid channel values 0004B:00008
wifi: switching to channel 1
wifi: TRX power ON
SaveManager: Flush requested
received frame but bad channel 6 (expected 1)
wifi: TRX power OFF
SaveManager: Flush requested
wifi: invalid channel values 0004C:0006C
wifi: switching to channel 7
wifi: TRX power ON
SaveManager: Flush requested
wifi: TRX power OFF
wifi: invalid channel values 0004D:0004A
wifi: switching to channel 13
wifi: TRX power ON
SaveManager: Flush requested
received frame but bad channel 6 (expected 13)
wifi: TRX power OFF
wifi: invalid channel values 0004B:00008
wifi: switching to channel 1
wifi: TRX power ON
SaveManager: Flush requested
SaveManager: Flush requested
wifi: TRX power OFF
wifi: invalid channel values 0004C:0006C
wifi: switching to channel 7
wifi: TRX power ON
SaveManager: Flush requested
wifi: TRX power OFF
wifi: invalid channel values 0004D:0004A
wifi: switching to channel 13
wifi: TRX power ON
SaveManager: Flush requested
received frame but bad channel 6 (expected 13)
wifi: TRX power OFF
SaveManager: Flush requested
wifi: invalid channel values 0004B:00008
wifi: switching to channel 1
wifi: TRX power ON
SaveManager: Flush requested
wifi: TRX power OFF
wifi: invalid channel values 0004C:0006C
wifi: switching to channel 7
wifi: TRX power ON
SaveManager: Flush requested
SaveManager: Flush requested
wifi: TRX power OFF
wifi: invalid channel values 0004D:0004A
wifi: switching to channel 13
wifi: TRX power ON
received frame but bad channel 6 (expected 13)
SaveManager: Flush requested
wifi: TRX power OFF
SaveManager: Flush requested
wifi: invalid channel values 0004B:00008
wifi: switching to channel 1
wifi: TRX power ON
wifi: TRX power OFF
SaveManager: Flush requested
wifi: invalid channel values 0004C:0006C
wifi: switching to channel 7
wifi: TRX power ON
SaveManager: Flush requested
received frame but bad channel 6 (expected 7)
wifi: TRX power OFF
SaveManager: Flush requested
wifi: invalid channel values 0004D:0004A
wifi: switching to channel 13
wifi: TRX power ON
SaveManager: Flush requested
wifi: TRX power OFF
SaveManager: Flush requested
wifi: invalid channel values 0004B:00008
wifi: switching to channel 1
wifi: TRX power ON
SaveManager: Flush requested
wifi: TRX power OFF
wifi: invalid channel values 0004C:0006C
wifi: switching to channel 7
wifi: TRX power ON
received frame but bad channel 6 (expected 7)
SaveManager: Flush requested
SaveManager: Flush requested
wifi: TRX power OFF
wifi: invalid channel values 0004D:0004A
wifi: switching to channel 13
wifi: TRX power ON
SaveManager: Flush requested
wifi: TRX power OFF
wifi: invalid channel values 0004B:00008
wifi: switching to channel 1
wifi: TRX power ON
SaveManager: Flush requested
SaveManager: Flush requested
wifi: TRX power OFF
wifi: invalid channel values 0004C:0006C
wifi: invalid channel values 0004C:0004F
SaveManager: Flush requested
wifi: invalid channel values 0004C:0004F
wifi: switching to channel 7
wifi: TRX power ON
SaveManager: Flush requested
SaveManager: Flush requested
wifi: TRX power OFF
SaveManager: Flush requested
SaveManager: Flush requested
wifi: switching to channel 7
wifi: invalid channel values 0004C:0004F
WIFI: OFF

 Sending 1 Bytes: 
0xfc 
Opened "/home/barret/Downloads/black.sav" with FileMode 0x2 (effective mode "wb")
SaveManager: Wrote 524288 bytes to /home/barret/Downloads/black.sav

 Sending 1 Bytes: 
0xfc 

 Sending 1 Bytes: 
0xfc 

 Sending 1 Bytes: 
0xfc 

 Sending 1 Bytes: 
0xfc 

 Sending 1 Bytes: 
0xfc 

 Sending 1 Bytes: 
0xfc 

 Sending 1 Bytes: 
0xfc 

 Sending 1 Bytes: 
0xfc 

Recieved 1 Bytes 
0xfc 

 Sending 4 Bytes: 
0xfa 0x03 0x83 0xfa 

Recieved 1 Bytes 
0xfc 

 Sending 4 Bytes: 
0xfa 0x03 0x83 0xfa 

Recieved 1 Bytes 
0xfc 

 Sending 4 Bytes: 
0xfa 0x03 0x83 0xfa 

Recieved 4 Bytes 
0xf8 0x03 0x83 0xf8 

 Sending 118 Bytes: 
0x00 0x03 0x11 0x6b 0x24 0xb0 0x00 0xe0 0x69 0xba 0x4d 0xc9 0x00 0x00 0x00 0x00 0x1c 0x00 0x5a 0x78 0x05 0x03 0x01 0x00 0x00 0x00 0x10 0x00 0x00 0xff 0x00 0x00 0x00 0x00 0x00 0x00 0x00 0x00 0x00 0x00 0x00 0x00 0x00 0x00 0x00 0x00 0x00 0x00 0x00 0x00 0x00 0x00 0x00 0x00 0x00 0x00 0x00 0x00 0x00 0x00 0x00 0x00 0x00 0x00 0x00 0x00 0x00 0x00 0x00 0x00 0x00 0x00 0x00 0x00 0x00 0x00 0x00 0x00 0x00 0x00 0x00 0x00 0x00 0x00 0x00 0x00 0x00 0x00 0x00 0x00 0x00 0x00 0x00 0x00 0x00 0x00 0x00 0x00 0x00 0x00 0x00 0x00 0x00 0x00 0x00 0x00 0x00 0x00 0x00 0x00 0x00 0x00 0x00 0x00 0x00 0x00 0x00 0x00 

Recieved 118 Bytes 
0x00 0x03 0x9e 0xbe 0x47 0x1e 0x00 0xe0 0x49 0x1e 0xe8 0x00 0x69 0xba 0x4d 0xc9 0x1c 0x00 0x5a 0x78 0x05 0x03 0x01 0x00 0x00 0x00 0x10 0x00 0x00 0xff 0x00 0x00 0x00 0x00 0x00 0x00 0x00 0x00 0x00 0x00 0x00 0x00 0x00 0x00 0x00 0x00 0x00 0x00 0x00 0x00 0x00 0x00 0x00 0x00 0x00 0x00 0x00 0x00 0x00 0x00 0x00 0x00 0x00 0x00 0x00 0x00 0x00 0x00 0x00 0x00 0x00 0x00 0x00 0x00 0x00 0x00 0x00 0x00 0x00 0x00 0x00 0x00 0x00 0x00 0x00 0x00 0x00 0x00 0x00 0x00 0x00 0x00 0x00 0x00 0x00 0x00 0x00 0x00 0x00 0x00 0x00 0x00 0x00 0x00 0x00 0x00 0x00 0x00 0x00 0x00 0x00 0x00 0x00 0x00 0x00 0x00 0x00 0x00 

 Sending 118 Bytes: 
0x00 0x03 0x97 0xc5 0x4e 0xf7 0x00 0x00 0x69 0xba 0x4d 0xc9 0x49 0x1e 0xe8 0x00 0x1c 0x00 0x5a 0x78 0x05 0x03 0x01 0x00 0x00 0x00 0x10 0x00 0x00 0xff 0x00 0x00 0x00 0x00 0x00 0x00 0x00 0x00 0x00 0x00 0x00 0x00 0x00 0x00 0x00 0x00 0x00 0x00 0x00 0x00 0x00 0x00 0x00 0x00 0x00 0x00 0x00 0x00 0x00 0x00 0x00 0x00 0x00 0x00 0x00 0x00 0x00 0x00 0x00 0x00 0x00 0x00 0x00 0x00 0x00 0x00 0x00 0x00 0x00 0x00 0x00 0x00 0x00 0x00 0x00 0x00 0x00 0x00 0x00 0x00 0x00 0x00 0x00 0x00 0x00 0x00 0x00 0x00 0x00 0x00 0x00 0x00 0x00 0x00 0x00 0x00 0x00 0x00 0x00 0x00 0x00 0x00 0x00 0x00 0x00 0x00 0x00 0x00 

Recieved 118 Bytes 
0x00 0x03 0x31 0xda 0x88 0x9f 0x00 0x01 0x49 0x1e 0xe8 0x00 0x69 0xba 0x4d 0xc9 0x1c 0x00 0x35 0x68 0x05 0x03 0x01 0x01 0x00 0x00 0x10 0x00 0x00 0xff 0x00 0x00 0x00 0x00 0x00 0x00 0x00 0x00 0x00 0x00 0x00 0x00 0x00 0x00 0x00 0x00 0x00 0x00 0x00 0x00 0x00 0x00 0x00 0x00 0x00 0x00 0x00 0x00 0x00 0x00 0x00 0x00 0x00 0x00 0x00 0x00 0x00 0x00 0x00 0x00 0x00 0x00 0x00 0x00 0x00 0x00 0x00 0x00 0x00 0x00 0x00 0x00 0x00 0x00 0x00 0x00 0x00 0x00 0x00 0x00 0x00 0x00 0x00 0x00 0x00 0x00 0x00 0x00 0x00 0x00 0x00 0x00 0x00 0x00 0x00 0x00 0x00 0x00 0x00 0x00 0x00 0x00 0x00 0x00 0x00 0x00 0x00 0x00 

 Sending 118 Bytes: 
0x00 0x03 0x6b 0x89 0x37 0xc9 0x00 0x11 0x69 0xba 0x4d 0xc9 0x49 0x1e 0xe8 0x00 0x1c 0x00 0x35 0x68 0x05 0x03 0x01 0x01 0x00 0x00 0x10 0x00 0x00 0xff 0x00 0x00 0x00 0x00 0x00 0x00 0x00 0x00 0x00 0x00 0x00 0x00 0x00 0x00 0x00 0x00 0x00 0x00 0x00 0x00 0x00 0x00 0x00 0x00 0x00 0x00 0x00 0x00 0x00 0x00 0x00 0x00 0x00 0x00 0x00 0x00 0x00 0x00 0x00 0x00 0x00 0x00 0x00 0x00 0x00 0x00 0x00 0x00 0x00 0x00 0x00 0x00 0x00 0x00 0x00 0x00 0x00 0x00 0x00 0x00 0x00 0x00 0x00 0x00 0x00 0x00 0x00 0x00 0x00 0x00 0x00 0x00 0x00 0x00 0x00 0x00 0x00 0x00 0x00 0x00 0x00 0x00 0x00 0x00 0x00 0x00 0x00 0x00 

Recieved 118 Bytes 
0x00 0x03 0xbb 0x5b 0xbb 0x26 0x00 0x12 0x49 0x1e 0xe8 0x00 0x69 0xba 0x4d 0xc9 0x1c 0x00 0x84 0x58 0x05 0x03 0x01 0x02 0x00 0x00 0x10 0x00 0x00 0xff 0x00 0x00 0x00 0x00 0x00 0x00 0x00 0x00 0x00 0x00 0x00 0x00 0x00 0x00 0x00 0x00 0x00 0x00 0x00 0x00 0x00 0x00 0x00 0x00 0x00 0x00 0x00 0x00 0x00 0x00 0x00 0x00 0x00 0x00 0x00 0x00 0x00 0x00 0x00 0x00 0x00 0x00 0x00 0x00 0x00 0x00 0x00 0x00 0x00 0x00 0x00 0x00 0x00 0x00 0x00 0x00 0x00 0x00 0x00 0x00 0x00 0x00 0x00 0x00 0x00 0x00 0x00 0x00 0x00 0x00 0x00 0x00 0x00 0x00 0x00 0x00 0x00 0x00 0x00 0x00 0x00 0x00 0x00 0x00 0x00 0x00 0x00 0x00 

 Sending 118 Bytes: 
0x00 0x03 0x30 0x5d 0xbc 0x8b 0x00 0x22 0x69 0xba 0x4d 0xc9 0x49 0x1e 0xe8 0x00 0x1c 0x00 0x84 0x58 0x05 0x03 0x01 0x02 0x00 0x00 0x10 0x00 0x00 0xff 0x00 0x00 0x00 0x00 0x00 0x00 0x00 0x00 0x00 0x00 0x00 0x00 0x00 0x00 0x00 0x00 0x00 0x00 0x00 0x00 0x00 0x00 0x00 0x00 0x00 0x00 0x00 0x00 0x00 0x00 0x00 0x00 0x00 0x00 0x00 0x00 0x00 0x00 0x00 0x00 0x00 0x00 0x00 0x00 0x00 0x00 0x00 0x00 0x00 0x00 0x00 0x00 0x00 0x00 0x00 0x00 0x00 0x00 0x00 0x00 0x00 0x00 0x00 0x00 0x00 0x00 0x00 0x00 0x00 0x00 0x00 0x00 0x00 0x00 0x00 0x00 0x00 0x00 0x00 0x00 0x00 0x00 0x00 0x00 0x00 0x00 0x00 0x00 

Recieved 1 Bytes 
0xfc 

 Sending 4 Bytes: 
0xfa 0x03 0x83 0xfa 

Recieved 4 Bytes 
0xf8 0x03 0x83 0xf8 

 Sending 118 Bytes: 
0x00 0x03 0x30 0x5d 0xbc 0x8b 0x00 0x22 0x69 0xba 0x4d 0xc9 0x49 0x1e 0xe8 0x00 0x1c 0x00 0x84 0x58 0x05 0x03 0x01 0x02 0x00 0x00 0x10 0x00 0x00 0xff 0x00 0x00 0x00 0x00 0x00 0x00 0x00 0x00 0x00 0x00 0x00 0x00 0x00 0x00 0x00 0x00 0x00 0x00 0x00 0x00 0x00 0x00 0x00 0x00 0x00 0x00 0x00 0x00 0x00 0x00 0x00 0x00 0x00 0x00 0x00 0x00 0x00 0x00 0x00 0x00 0x00 0x00 0x00 0x00 0x00 0x00 0x00 0x00 0x00 0x00 0x00 0x00 0x00 0x00 0x00 0x00 0x00 0x00 0x00 0x00 0x00 0x00 0x00 0x00 0x00 0x00 0x00 0x00 0x00 0x00 0x00 0x00 0x00 0x00 0x00 0x00 0x00 0x00 0x00 0x00 0x00 0x00 0x00 0x00 0x00 0x00 0x00 0x00 

Recieved 118 Bytes 
0x00 0x03 0x45 0x80 0xdf 0xa0 0x00 0x22 0x49 0x1e 0xe8 0x00 0x69 0xba 0x4d 0xc9 0x1c 0x00 0x84 0x58 0x05 0x03 0x01 0x02 0x00 0x00 0x10 0x00 0x00 0xff 0x00 0x00 0x00 0x00 0x00 0x00 0x00 0x00 0x00 0x00 0x00 0x00 0x00 0x00 0x00 0x00 0x00 0x00 0x00 0x00 0x00 0x00 0x00 0x00 0x00 0x00 0x00 0x00 0x00 0x00 0x00 0x00 0x00 0x00 0x00 0x00 0x00 0x00 0x00 0x00 0x00 0x00 0x00 0x00 0x00 0x00 0x00 0x00 0x00 0x00 0x00 0x00 0x00 0x00 0x00 0x00 0x00 0x00 0x00 0x00 0x00 0x00 0x00 0x00 0x00 0x00 0x00 0x00 0x00 0x00 0x00 0x00 0x00 0x00 0x00 0x00 0x00 0x00 0x00 0x00 0x00 0x00 0x00 0x00 0x00 0x00 0x00 0x00 

 Sending 118 Bytes: 
0x00 0x03 0x1c 0x9f 0xe2 0x30 0x00 0x23 0x69 0xba 0x4d 0xc9 0x49 0x1e 0xe8 0x00 0x1c 0x00 0xb9 0x33 0x0e 0x03 0x01 0x03 0x00 0x00 0x03 0x00 0x09 0xff 0x00 0x09 0xbf 0x11 0x22 0x33 0x01 0x1c 0x00 0x00 0x00 0x00 0x00 0x00 0x00 0x00 0x00 0x00 0x00 0x00 0x00 0x00 0x00 0x00 0x00 0x00 0x00 0x00 0x00 0x00 0x00 0x00 0x00 0x00 0x00 0x00 0x00 0x00 0x00 0x00 0x00 0x00 0x00 0x00 0x00 0x00 0x00 0x00 0x00 0x00 0x00 0x00 0x00 0x00 0x00 0x00 0x00 0x00 0x00 0x00 0x00 0x00 0x00 0x00 0x00 0x00 0x00 0x00 0x00 0x00 0x00 0x00 0x00 0x00 0x00 0x00 0x00 0x00 0x00 0x00 0x00 0x00 0x00 0x00 0x00 0x00 0x00 0x00 

Recieved 118 Bytes 
0x00 0x03 0x2a 0xc7 0xc0 0xa2 0x00 0x33 0x49 0x1e 0xe8 0x00 0x69 0xba 0x4d 0xc9 0x1c 0x00 0xf5 0xc6 0x0e 0x03 0x01 0x03 0x00 0x00 0x03 0x00 0x09 0xff 0x00 0x1d 0xbc 0xeb 0x32 0x3e 0x00 0x1c 0x00 0x00 0x00 0x00 0x00 0x00 0x00 0x00 0x00 0x00 0x00 0x00 0x00 0x00 0x00 0x00 0x00 0x00 0x00 0x00 0x00 0x00 0x00 0x00 0x00 0x00 0x00 0x00 0x00 0x00 0x00 0x00 0x00 0x00 0x00 0x00 0x00 0x00 0x00 0x00 0x00 0x00 0x00 0x00 0x00 0x00 0x00 0x00 0x00 0x00 0x00 0x00 0x00 0x00 0x00 0x00 0x00 0x00 0x00 0x00 0x00 0x00 0x00 0x00 0x00 0x00 0x00 0x00 0x00 0x00 0x00 0x00 0x00 0x00 0x00 0x00 0x00 0x00 0x00 0x00 

 Sending 118 Bytes: 
0x00 0x03 0x3f 0xc6 0xc3 0xa5 0x00 0x34 0x69 0xba 0x4d 0xc9 0x49 0x1e 0xe8 0x00 0x1c 0x00 0xe6 0x39 0x05 0x03 0x01 0x04 0x00 0x00 0x10 0x00 0x00 0xff 0x00 0x00 0x00 0x00 0x00 0x00 0x00 0x00 0x00 0x00 0x00 0x00 0x00 0x00 0x00 0x00 0x00 0x00 0x00 0x00 0x00 0x00 0x00 0x00 0x00 0x00 0x00 0x00 0x00 0x00 0x00 0x00 0x00 0x00 0x00 0x00 0x00 0x00 0x00 0x00 0x00 0x00 0x00 0x00 0x00 0x00 0x00 0x00 0x00 0x00 0x00 0x00 0x00 0x00 0x00 0x00 0x00 0x00 0x00 0x00 0x00 0x00 0x00 0x00 0x00 0x00 0x00 0x00 0x00 0x00 0x00 0x00 0x00 0x00 0x00 0x00 0x00 0x00 0x00 0x00 0x00 0x00 0x00 0x00 0x00 0x00 0x00 0x00 

Recieved 118 Bytes 
0x00 0x03 0xda 0x0f 0xbe 0x8a 0x00 0x44 0x49 0x1e 0xe8 0x00 0x69 0xba 0x4d 0xc9 0x1c 0x00 0x75 0x84 0x54 0x03 0x01 0x04 0x00 0x00 0x04 0x00 0x10 0xff 0x00 0x1d 0xbc 0xeb 0x32 0x3e 0x00 0x1d 0xbc 0xeb 0x32 0x3e 0x00 0x01 0x1c 0x1c 0x00 0x04 0x00 0x10 0xff 0x00 0x1d 0xbc 0xeb 0x32 0x3e 0x00 0x09 0xbf 0x11 0x22 0x33 0x01 0x01 0x1c 0x1c 0x00 0x04 0x00 0x10 0xff 0x00 0x1d 0xbc 0xeb 0x32 0x3e 0x00 0x1d 0xbc 0xeb 0x32 0x3e 0x00 0x01 0x1c 0x1c 0x00 0x04 0x00 0x10 0xff 0x00 0x1d 0xbc 0xeb 0x32 0x3e 0x00 0x09 0xbf 0x11 0x22 0x33 0x01 0x01 0x1c 0x1c 0x00 0x00 0x00 0x00 0x00 0x00 0x00 0x00 0x00 

 Sending 118 Bytes: 
0x00 0x03 0x22 0xf9 0x53 0x87 0x00 0x45 0x69 0xba 0x4d 0xc9 0x49 0x1e 0xe8 0x00 0x1c 0x00 0x89 0x29 0x05 0x03 0x01 0x05 0x00 0x00 0x10 0x00 0x00 0xff 0x00 0x00 0x00 0x00 0x00 0x00 0x00 0x00 0x00 0x00 0x00 0x00 0x00 0x00 0x00 0x00 0x00 0x00 0x00 0x00 0x00 0x00 0x00 0x00 0x00 0x00 0x00 0x00 0x00 0x00 0x00 0x00 0x00 0x00 0x00 0x00 0x00 0x00 0x00 0x00 0x00 0x00 0x00 0x00 0x00 0x00 0x00 0x00 0x00 0x00 0x00 0x00 0x00 0x00 0x00 0x00 0x00 0x00 0x00 0x00 0x00 0x00 0x00 0x00 0x00 0x00 0x00 0x00 0x00 0x00 0x00 0x00 0x00 0x00 0x00 0x00 0x00 0x00 0x00 0x00 0x00 0x00 0x00 0x00 0x00 0x00 0x00 0x00 

Recieved 118 Bytes 
0x00 0x03 0xdc 0xd6 0xce 0x27 0x00 0x55 0x49 0x1e 0xe8 0x00 0x69 0xba 0x4d 0xc9 0x1c 0x00 0xe2 0x24 0x0e 0x03 0x01 0x05 0x00 0x00 0x10 0x00 0x00 0xff 0x00 0x07 0x00 0x04 0xff 0x03 0x00 0xff 0x01 0x00 0x00 0x00 0x00 0x00 0x00 0x00 0x00 0x00 0x00 0x00 0x00 0x00 0x00 0x00 0x00 0x00 0x00 0x00 0x00 0x00 0x00 0x00 0x00 0x00 0x00 0x00 0x00 0x00 0x00 0x00 0x00 0x00 0x00 0x00 0x00 0x00 0x00 0x00 0x00 0x00 0x00 0x00 0x00 0x00 0x00 0x00 0x00 0x00 0x00 0x00 0x00 0x00 0x00 0x00 0x00 0x00 0x00 0x00 0x00 0x00 0x00 0x00 0x00 0x00 0x00 0x00 0x00 0x00 0x00 0x00 0x00 0x00 0x00 0x00 0x00 0x00 0x00 0x00 

 Sending 118 Bytes: 
0x00 0x03 0x6e 0xbc 0x42 0xc8 0x00 0x56 0x69 0xba 0x4d 0xc9 0x49 0x1e 0xe8 0x00 0x1c 0x00 0x53 0x14 0x0e 0x03 0x01 0x06 0x00 0x00 0x10 0x00 0x00 0xff 0x00 0x07 0x00 0x04 0xff 0x03 0x00 0xff 0x01 0x00 0x00 0x00 0x00 0x00 0x00 0x00 0x00 0x00 0x00 0x00 0x00 0x00 0x00 0x00 0x00 0x00 0x00 0x00 0x00 0x00 0x00 0x00 0x00 0x00 0x00 0x00 0x00 0x00 0x00 0x00 0x00 0x00 0x00 0x00 0x00 0x00 0x00 0x00 0x00 0x00 0x00 0x00 0x00 0x00 0x00 0x00 0x00 0x00 0x00 0x00 0x00 0x00 0x00 0x00 0x00 0x00 0x00 0x00 0x00 0x00 0x00 0x00 0x00 0x00 0x00 0x00 0x00 0x00 0x00 0x00 0x00 0x00 0x00 0x00 0x00 0x00 0x00 0x00 

Recieved 118 Bytes 
0x00 0x03 0x40 0xbc 0x67 0x93 0x00 0x66 0x49 0x1e 0xe8 0x00 0x69 0xba 0x4d 0xc9 0x1c 0x00 0x38 0x19 0x05 0x03 0x01 0x06 0x00 0x00 0x10 0x00 0x00 0xff 0x00 0x00 0x00 0x00 0x00 0x00 0x00 0x00 0x00 0x00 0x00 0x00 0x00 0x00 0x00 0x00 0x00 0x00 0x00 0x00 0x00 0x00 0x00 0x00 0x00 0x00 0x00 0x00 0x00 0x00 0x00 0x00 0x00 0x00 0x00 0x00 0x00 0x00 0x00 0x00 0x00 0x00 0x00 0x00 0x00 0x00 0x00 0x00 0x00 0x00 0x00 0x00 0x00 0x00 0x00 0x00 0x00 0x00 0x00 0x00 0x00 0x00 0x00 0x00 0x00 0x00 0x00 0x00 0x00 0x00 0x00 0x00 0x00 0x00 0x00 0x00 0x00 0x00 0x00 0x00 0x00 0x00 0x00 0x00 0x00 0x00 0x00 0x00 

 Sending 118 Bytes: 
0x00 0x03 0x9b 0x15 0xa1 0xfb 0x00 0x67 0x69 0xba 0x4d 0xc9 0x49 0x1e 0xe8 0x00 0x1c 0x00 0x57 0x09 0x05 0x03 0x01 0x07 0x00 0x00 0x10 0x00 0x00 0xff 0x00 0x00 0x00 0x00 0x00 0x00 0x00 0x00 0x00 0x00 0x00 0x00 0x00 0x00 0x00 0x00 0x00 0x00 0x00 0x00 0x00 0x00 0x00 0x00 0x00 0x00 0x00 0x00 0x00 0x00 0x00 0x00 0x00 0x00 0x00 0x00 0x00 0x00 0x00 0x00 0x00 0x00 0x00 0x00 0x00 0x00 0x00 0x00 0x00 0x00 0x00 0x00 0x00 0x00 0x00 0x00 0x00 0x00 0x00 0x00 0x00 0x00 0x00 0x00 0x00 0x00 0x00 0x00 0x00 0x00 0x00 0x00 0x00 0x00 0x00 0x00 0x00 0x00 0x00 0x00 0x00 0x00 0x00 0x00 0x00 0x00 0x00 0x00 

Recieved 118 Bytes 
0x00 0x03 0x8b 0x56 0x80 0xd8 0x00 0x77 0x49 0x1e 0xe8 0x00 0x69 0xba 0x4d 0xc9 0x1c 0x00 0xba 0x0c 0x07 0x03 0x01 0x07 0x00 0x00 0x08 0x00 0x02 0xff 0x03 0x00 0x00 0x00 0x00 0x00 0x00 0x00 0x00 0x00 0x00 0x00 0x00 0x00 0x00 0x00 0x00 0x00 0x00 0x00 0x00 0x00 0x00 0x00 0x00 0x00 0x00 0x00 0x00 0x00 0x00 0x00 0x00 0x00 0x00 0x00 0x00 0x00 0x00 0x00 0x00 0x00 0x00 0x00 0x00 0x00 0x00 0x00 0x00 0x00 0x00 0x00 0x00 0x00 0x00 0x00 0x00 0x00 0x00 0x00 0x00 0x00 0x00 0x00 0x00 0x00 0x00 0x00 0x00 0x00 0x00 0x00 0x00 0x00 0x00 0x00 0x00 0x00 0x00 0x00 0x00 0x00 0x00 0x00 0x00 0x00 0x00 0x00 

 Sending 118 Bytes: 
0x00 0x03 0x89 0x14 0xd4 0xe5 0x00 0x78 0x69 0xba 0x4d 0xc9 0x49 0x1e 0xe8 0x00 0x1c 0x00 0x22 0xfb 0x05 0x03 0x01 0x08 0x00 0x00 0x10 0x00 0x00 0xff 0x00 0x00 0x00 0x00 0x00 0x00 0x00 0x00 0x00 0x00 0x00 0x00 0x00 0x00 0x00 0x00 0x00 0x00 0x00 0x00 0x00 0x00 0x00 0x00 0x00 0x00 0x00 0x00 0x00 0x00 0x00 0x00 0x00 0x00 0x00 0x00 0x00 0x00 0x00 0x00 0x00 0x00 0x00 0x00 0x00 0x00 0x00 0x00 0x00 0x00 0x00 0x00 0x00 0x00 0x00 0x00 0x00 0x00 0x00 0x00 0x00 0x00 0x00 0x00 0x00 0x00 0x00 0x00 0x00 0x00 0x00 0x00 0x00 0x00 0x00 0x00 0x00 0x00 0x00 0x00 0x00 0x00 0x00 0x00 0x00 0x00 0x00 0x00 

Recieved 118 Bytes 
0x00 0x03 0x83 0x27 0x51 0x1b 0x00 0x88 0x49 0x1e 0xe8 0x00 0x69 0xba 0x4d 0xc9 0x1c 0x00 0xb5 0xad 0x0a 0x03 0x01 0x08 0x00 0x00 0x10 0x00 0x00 0xff 0x00 0x01 0x00 0x00 0xff 0x00 0x00 0x00 0x00 0x00 0x00 0x00 0x00 0x00 0x00 0x00 0x00 0x00 0x00 0x00 0x00 0x00 0x00 0x00 0x00 0x00 0x00 0x00 0x00 0x00 0x00 0x00 0x00 0x00 0x00 0x00 0x00 0x00 0x00 0x00 0x00 0x00 0x00 0x00 0x00 0x00 0x00 0x00 0x00 0x00 0x00 0x00 0x00 0x00 0x00 0x00 0x00 0x00 0x00 0x00 0x00 0x00 0x00 0x00 0x00 0x00 0x00 0x00 0x00 0x00 0x00 0x00 0x00 0x00 0x00 0x00 0x00 0x00 0x00 0x00 0x00 0x00 0x00 0x00 0x00 0x00 0x00 0x00 

 Sending 118 Bytes: 
0x00 0x03 0xaf 0xf4 0x82 0x24 0x00 0x89 0x69 0xba 0x4d 0xc9 0x49 0x1e 0xe8 0x00 0x1c 0x00 0x51 0xc0 0x0a 0x03 0x01 0x09 0x00 0x00 0x10 0x00 0x00 0xff 0x00 0x10 0x00 0x00 0xff 0x00 0x00 0x00 0x00 0x00 0x00 0x00 0x00 0x00 0x00 0x00 0x00 0x00 0x00 0x00 0x00 0x00 0x00 0x00 0x00 0x00 0x00 0x00 0x00 0x00 0x00 0x00 0x00 0x00 0x00 0x00 0x00 0x00 0x00 0x00 0x00 0x00 0x00 0x00 0x00 0x00 0x00 0x00 0x00 0x00 0x00 0x00 0x00 0x00 0x00 0x00 0x00 0x00 0x00 0x00 0x00 0x00 0x00 0x00 0x00 0x00 0x00 0x00 0x00 0x00 0x00 0x00 0x00 0x00 0x00 0x00 0x00 0x00 0x00 0x00 0x00 0x00 0x00 0x00 0x00 0x00 0x00 0x00 

Recieved 118 Bytes 
0x00 0x03 0x34 0x8b 0x89 0xbb 0x00 0x99 0x49 0x1e 0xe8 0x00 0x69 0xba 0x4d 0xc9 0x1c 0x00 0xee 0xab 0x0a 0x03 0x01 0x09 0x00 0x00 0x02 0x00 0x00 0xff 0x00 0x02 0x00 0x00 0xff 0x00 0x00 0x00 0x00 0x00 0x00 0x00 0x00 0x00 0x00 0x00 0x00 0x00 0x00 0x00 0x00 0x00 0x00 0x00 0x00 0x00 0x00 0x00 0x00 0x00 0x00 0x00 0x00 0x00 0x00 0x00 0x00 0x00 0x00 0x00 0x00 0x00 0x00 0x00 0x00 0x00 0x00 0x00 0x00 0x00 0x00 0x00 0x00 0x00 0x00 0x00 0x00 0x00 0x00 0x00 0x00 0x00 0x00 0x00 0x00 0x00 0x00 0x00 0x00 0x00 0x00 0x00 0x00 0x00 0x00 0x00 0x00 0x00 0x00 0x00 0x00 0x00 0x00 0x00 0x00 0x00 0x00 0x00 

 Sending 118 Bytes: 
0x00 0x03 0x82 0x92 0x47 0x61 0x00 0x9a 0x69 0xba 0x4d 0xc9 0x49 0x1e 0xe8 0x00 0x1c 0x00 0x3c 0x55 0x05 0x03 0x01 0x0a 0x00 0x00 0x02 0x00 0x00 0xff 0x00 0x00 0x00 0x00 0x00 0x00 0x00 0x00 0x00 0x00 0x00 0x00 0x00 0x00 0x00 0x00 0x00 0x00 0x00 0x00 0x00 0x00 0x00 0x00 0x00 0x00 0x00 0x00 0x00 0x00 0x00 0x00 0x00 0x00 0x00 0x00 0x00 0x00 0x00 0x00 0x00 0x00 0x00 0x00 0x00 0x00 0x00 0x00 0x00 0x00 0x00 0x00 0x00 0x00 0x00 0x00 0x00 0x00 0x00 0x00 0x00 0x00 0x00 0x00 0x00 0x00 0x00 0x00 0x00 0x00 0x00 0x00 0x00 0x00 0x00 0x00 0x00 0x00 0x00 0x00 0x00 0x00 0x00 0x00 0x00 0x00 0x00 0x00 

 Sending 4 Bytes: 
0xf4 0x03 0x83 0xf4 
WIFI: ON
wifi: invalid channel values 0004C:0004F
wifi: invalid channel values 0004C:0004F
wifi: invalid channel values 0004C:0004F
wifi: switching to channel 7
wifi: TRX power ON
received frame but bad channel 6 (expected 7)
wifi: TRX power OFF
wifi: switching to channel 7
wifi: invalid channel values 0004C:0004F
wifi: invalid channel values 0004C:0004F
wifi: switching to channel 7
wifi: TRX power ON
received frame but bad channel 6 (expected 7)
wifi: TRX power OFF
wifi: invalid channel values 0004D:0004A
wifi: switching to channel 13
wifi: TRX power ON
wifi: TRX power OFF
wifi: invalid channel values 0004B:00008
wifi: switching to channel 1
wifi: TRX power ON
received frame but bad channel 6 (expected 1)
wifi: TRX power OFF
wifi: invalid channel values 0004C:0006C
wifi: switching to channel 7
wifi: TRX power ON
wifi: TRX power OFF
wifi: invalid channel values 0004D:0004A
wifi: switching to channel 13
wifi: TRX power ON
wifi: TRX power OFF
wifi: invalid channel values 0004B:00008
wifi: switching to channel 1
wifi: TRX power ON
received frame but bad channel 6 (expected 1)
wifi: TRX power OFF
wifi: invalid channel values 0004C:0006C
wifi: switching to channel 7
wifi: TRX power ON
wifi: TRX power OFF
wifi: invalid channel values 0004D:0004A
wifi: switching to channel 13
wifi: TRX power ON
wifi: TRX power OFF
wifi: invalid channel values 0004B:00008
wifi: switching to channel 1
wifi: TRX power ON
received frame but bad channel 6 (expected 1)
wifi: TRX power OFF
wifi: invalid channel values 0004C:0006C
wifi: switching to channel 7
wifi: TRX power ON
wifi: TRX power OFF
wifi: invalid channel values 0004D:0004A
wifi: switching to channel 13
wifi: TRX power ON
received frame but bad channel 6 (expected 13)
wifi: TRX power OFF
wifi: invalid channel values 0004B:00008
wifi: switching to channel 1
wifi: TRX power ON
wifi: TRX power OFF
wifi: invalid channel values 0004C:0006C
wifi: switching to channel 7
wifi: TRX power ON
wifi: TRX power OFF
wifi: invalid channel values 0004D:0004A
wifi: switching to channel 13
wifi: TRX power ON
received frame but bad channel 6 (expected 13)
wifi: TRX power OFF
wifi: invalid channel values 0004B:00008
wifi: switching to channel 1
wifi: TRX power ON
wifi: TRX power OFF
wifi: invalid channel values 0004C:0006C
wifi: switching to channel 7
wifi: TRX power ON
received frame but bad channel 6 (expected 7)
wifi: TRX power OFF
wifi: invalid channel values 0004D:0004A
wifi: switching to channel 13
wifi: TRX power ON
wifi: TRX power OFF
wifi: invalid channel values 0004B:00008
wifi: switching to channel 1
wifi: TRX power ON
wifi: TRX power OFF
wifi: invalid channel values 0004C:0006C
wifi: switching to channel 7
wifi: TRX power ON
received frame but bad channel 6 (expected 7)
wifi: TRX power OFF
wifi: invalid channel values 0004D:0004A
wifi: switching to channel 13
wifi: TRX power ON
wifi: TRX power OFF
wifi: invalid channel values 0004B:00008
wifi: switching to channel 1
wifi: TRX power ON
received frame but bad channel 6 (expected 1)
wifi: TRX power OFF
wifi: invalid channel values 0004C:0006C
wifi: switching to channel 7
wifi: TRX power ON
wifi: TRX power OFF
wifi: invalid channel values 0004D:0004A
wifi: switching to channel 13
wifi: TRX power ON
wifi: TRX power OFF
wifi: invalid channel values 0004B:00008
wifi: switching to channel 1
wifi: TRX power ON
received frame but bad channel 6 (expected 1)
wifi: TRX power OFF
wifi: invalid channel values 0004C:0006C
wifi: switching to channel 7
wifi: TRX power ON
wifi: TRX power OFF
wifi: invalid channel values 0004D:0004A
wifi: switching to channel 13
wifi: TRX power ON
wifi: TRX power OFF
wifi: invalid channel values 0004B:00008
wifi: switching to channel 1
wifi: TRX power ON
received frame but bad channel 6 (expected 1)
wifi: TRX power OFF
wifi: invalid channel values 0004C:0006C
wifi: switching to channel 7
wifi: TRX power ON
wifi: TRX power OFF
wifi: invalid channel values 0004D:0004A
wifi: switching to channel 13
wifi: TRX power ON
received frame but bad channel 6 (expected 13)
wifi: TRX power OFF
wifi: invalid channel values 0004B:00008
wifi: switching to channel 1
wifi: TRX power ON
wifi: TRX power OFF
wifi: invalid channel values 0004C:0006C
wifi: switching to channel 7
wifi: TRX power ON
wifi: TRX power OFF
wifi: invalid channel values 0004D:0004A
wifi: switching to channel 13
wifi: TRX power ON
received frame but bad channel 6 (expected 13)
wifi: TRX power OFF
wifi: invalid channel values 0004B:00008
wifi: switching to channel 1
wifi: TRX power ON
wifi: TRX power OFF
wifi: invalid channel values 0004C:0006C
wifi: switching to channel 7
wifi: TRX power ON
wifi: TRX power OFF
wifi: invalid channel values 0004D:0004A
wifi: switching to channel 13
wifi: TRX power ON
received frame but bad channel 6 (expected 13)
wifi: TRX power OFF
wifi: invalid channel values 0004B:00008
wifi: switching to channel 1
wifi: TRX power ON
wifi: TRX power OFF
wifi: invalid channel values 0004C:0006C
wifi: switching to channel 7
wifi: TRX power ON
received frame but bad channel 6 (expected 7)
wifi: TRX power OFF
wifi: invalid channel values 0004D:0004A
wifi: switching to channel 13
wifi: TRX power ON
wifi: TRX power OFF
wifi: invalid channel values 0004B:00008
wifi: switching to channel 1
wifi: TRX power ON
wifi: TRX power OFF
wifi: invalid channel values 0004C:0006C
wifi: switching to channel 7
wifi: TRX power ON
received frame but bad channel 6 (expected 7)
wifi: TRX power OFF
wifi: invalid channel values 0004D:0004A
wifi: switching to channel 13
wifi: TRX power ON
wifi: TRX power OFF
wifi: invalid channel values 0004B:00008
wifi: switching to channel 1
wifi: TRX power ON
received frame but bad channel 6 (expected 1)
wifi: TRX power OFF
wifi: invalid channel values 0004C:0006C
wifi: switching to channel 7
wifi: TRX power ON
wifi: TRX power OFF
wifi: invalid channel values 0004D:0004A
wifi: switching to channel 13
wifi: TRX power ON
wifi: TRX power OFF
wifi: invalid channel values 0004B:00008
wifi: switching to channel 1
wifi: TRX power ON
received frame but bad channel 6 (expected 1)
wifi: TRX power OFF
wifi: invalid channel values 0004C:0006C
wifi: switching to channel 7
wifi: TRX power ON
wifi: TRX power OFF
wifi: invalid channel values 0004D:0004A
wifi: switching to channel 13
wifi: TRX power ON
wifi: TRX power OFF
wifi: invalid channel values 0004B:00008
wifi: switching to channel 1
wifi: TRX power ON
received frame but bad channel 6 (expected 1)
wifi: TRX power OFF
wifi: invalid channel values 0004C:0006C
wifi: switching to channel 7
wifi: TRX power ON
wifi: TRX power OFF
wifi: invalid channel values 0004D:0004A
wifi: switching to channel 13
wifi: TRX power ON
received frame but bad channel 6 (expected 13)
wifi: TRX power OFF
wifi: invalid channel values 0004B:00008
wifi: switching to channel 1
wifi: TRX power ON
wifi: TRX power OFF
wifi: invalid channel values 0004C:0006C
wifi: switching to channel 7
wifi: TRX power ON
wifi: TRX power OFF
wifi: invalid channel values 0004D:0004A
wifi: switching to channel 13
wifi: TRX power ON
received frame but bad channel 6 (expected 13)
wifi: TRX power OFF
wifi: invalid channel values 0004B:00008
wifi: switching to channel 1
wifi: TRX power ON
wifi: TRX power OFF
wifi: invalid channel values 0004C:0006C
wifi: switching to channel 7
wifi: TRX power ON
wifi: TRX power OFF
wifi: invalid channel values 0004D:0004A
wifi: switching to channel 13
wifi: TRX power ON
received frame but bad channel 6 (expected 13)
wifi: TRX power OFF
wifi: invalid channel values 0004B:00008
wifi: switching to channel 1
wifi: TRX power ON
wifi: TRX power OFF
wifi: invalid channel values 0004C:0006C
wifi: switching to channel 7
wifi: TRX power ON
received frame but bad channel 6 (expected 7)
wifi: TRX power OFF
wifi: invalid channel values 0004D:0004A
wifi: switching to channel 13
wifi: TRX power ON
wifi: TRX power OFF
wifi: invalid channel values 0004B:00008
wifi: switching to channel 1
wifi: TRX power ON
wifi: TRX power OFF
wifi: invalid channel values 0004C:0006C
wifi: switching to channel 7
wifi: TRX power ON
received frame but bad channel 6 (expected 7)
wifi: TRX power OFF
wifi: invalid channel values 0004D:0004A
wifi: switching to channel 13
wifi: TRX power ON
wifi: TRX power OFF
wifi: invalid channel values 0004B:00008
wifi: switching to channel 1
wifi: TRX power ON
received frame but bad channel 6 (expected 1)
wifi: TRX power OFF
wifi: invalid channel values 0004C:0006C
wifi: switching to channel 7
wifi: TRX power ON
wifi: TRX power OFF
wifi: invalid channel values 0004D:0004A
wifi: switching to channel 13
wifi: TRX power ON
wifi: TRX power OFF
wifi: invalid channel values 0004B:00008
wifi: switching to channel 1
wifi: TRX power ON
received frame but bad channel 6 (expected 1)
wifi: TRX power OFF
wifi: invalid channel values 0004C:0006C
wifi: switching to channel 7
wifi: TRX power ON
wifi: TRX power OFF
wifi: invalid channel values 0004D:0004A
wifi: switching to channel 13
wifi: TRX power ON
wifi: TRX power OFF
wifi: invalid channel values 0004B:00008
wifi: switching to channel 1
wifi: TRX power ON
received frame but bad channel 6 (expected 1)
wifi: TRX power OFF
wifi: invalid channel values 0004C:0006C
wifi: switching to channel 7
wifi: TRX power ON
wifi: TRX power OFF
wifi: invalid channel values 0004D:0004A
wifi: switching to channel 13
wifi: TRX power ON
received frame but bad channel 6 (expected 13)
wifi: TRX power OFF
wifi: invalid channel values 0004B:00008
wifi: switching to channel 1
wifi: TRX power ON
wifi: TRX power OFF
wifi: invalid channel values 0004C:0006C
wifi: switching to channel 7
wifi: TRX power ON
wifi: TRX power OFF
wifi: invalid channel values 0004D:0004A
wifi: switching to channel 13
wifi: TRX power ON
received frame but bad channel 6 (expected 13)
wifi: TRX power OFF
wifi: invalid channel values 0004B:00008
wifi: switching to channel 1
wifi: TRX power ON
wifi: TRX power OFF
wifi: invalid channel values 0004C:0006C
wifi: switching to channel 7
wifi: TRX power ON
received frame but bad channel 6 (expected 7)
wifi: TRX power OFF
wifi: invalid channel values 0004D:0004A
wifi: switching to channel 13
wifi: TRX power ON
wifi: TRX power OFF
wifi: invalid channel values 0004B:00008
wifi: switching to channel 1
wifi: TRX power ON
wifi: TRX power OFF
wifi: invalid channel values 0004C:0006C
wifi: switching to channel 7
wifi: TRX power ON
received frame but bad channel 6 (expected 7)
wifi: TRX power OFF
wifi: invalid channel values 0004D:0004A
wifi: switching to channel 13
wifi: TRX power ON
wifi: TRX power OFF
wifi: invalid channel values 0004B:00008
wifi: switching to channel 1
wifi: TRX power ON
wifi: TRX power OFF
wifi: invalid channel values 0004C:0006C
wifi: switching to channel 7
wifi: TRX power ON
received frame but bad channel 6 (expected 7)
wifi: TRX power OFF
wifi: invalid channel values 0004D:0004A
wifi: switching to channel 13
wifi: TRX power ON
wifi: TRX power OFF
wifi: invalid channel values 0004B:00008
wifi: switching to channel 1
wifi: TRX power ON
received frame but bad channel 6 (expected 1)
wifi: TRX power OFF
wifi: invalid channel values 0004C:0006C
wifi: switching to channel 7
wifi: TRX power ON
wifi: TRX power OFF
wifi: invalid channel values 0004D:0004A
wifi: switching to channel 13
wifi: TRX power ON
wifi: TRX power OFF
wifi: invalid channel values 0004B:00008
wifi: switching to channel 1
wifi: TRX power ON
received frame but bad channel 6 (expected 1)
wifi: TRX power OFF
wifi: invalid channel values 0004C:0006C
wifi: switching to channel 7
wifi: TRX power ON
wifi: TRX power OFF
wifi: invalid channel values 0004D:0004A
wifi: switching to channel 13
wifi: TRX power ON
received frame but bad channel 6 (expected 13)
wifi: TRX power OFF
wifi: invalid channel values 0004B:00008
wifi: switching to channel 1
wifi: TRX power ON
wifi: TRX power OFF
wifi: invalid channel values 0004C:0006C
wifi: switching to channel 7
wifi: TRX power ON
wifi: TRX power OFF
wifi: invalid channel values 0004D:0004A
wifi: switching to channel 13
wifi: TRX power ON
received frame but bad channel 6 (expected 13)
wifi: TRX power OFF
wifi: invalid channel values 0004B:00008
wifi: switching to channel 1
wifi: TRX power ON
wifi: TRX power OFF
wifi: invalid channel values 0004C:0006C
wifi: switching to channel 7
wifi: TRX power ON
wifi: TRX power OFF
wifi: invalid channel values 0004D:0004A
wifi: switching to channel 13
wifi: TRX power ON
received frame but bad channel 6 (expected 13)
wifi: TRX power OFF
wifi: invalid channel values 0004B:00008
wifi: switching to channel 1
wifi: TRX power ON
wifi: TRX power OFF
wifi: invalid channel values 0004C:0006C
wifi: switching to channel 7
wifi: TRX power ON
received frame but bad channel 6 (expected 7)
wifi: TRX power OFF
wifi: invalid channel values 0004D:0004A
wifi: switching to channel 13
wifi: TRX power ON
wifi: TRX power OFF
wifi: invalid channel values 0004B:00008
wifi: switching to channel 1
wifi: TRX power ON
wifi: TRX power OFF
wifi: invalid channel values 0004C:0006C
wifi: switching to channel 7
wifi: TRX power ON
received frame but bad channel 6 (expected 7)
wifi: TRX power OFF
wifi: invalid channel values 0004D:0004A
wifi: switching to channel 13
wifi: TRX power ON
wifi: TRX power OFF
wifi: invalid channel values 0004B:00008
wifi: switching to channel 1
wifi: TRX power ON
wifi: TRX power OFF
wifi: invalid channel values 0004C:0006C
wifi: switching to channel 7
wifi: TRX power ON
received frame but bad channel 6 (expected 7)
wifi: TRX power OFF
wifi: invalid channel values 0004D:0004A
wifi: switching to channel 13
wifi: TRX power ON
wifi: TRX power OFF
wifi: invalid channel values 0004B:00008
wifi: switching to channel 1
wifi: TRX power ON
received frame but bad channel 6 (expected 1)
wifi: TRX power OFF
wifi: invalid channel values 0004C:0006C
wifi: switching to channel 7
wifi: TRX power ON
wifi: TRX power OFF
wifi: invalid channel values 0004D:0004A
wifi: switching to channel 13
wifi: TRX power ON
wifi: TRX power OFF
wifi: invalid channel values 0004B:00008
wifi: switching to channel 1
wifi: TRX power ON
received frame but bad channel 6 (expected 1)
wifi: TRX power OFF
wifi: invalid channel values 0004C:0006C
wifi: switching to channel 7
wifi: TRX power ON
wifi: TRX power OFF
wifi: invalid channel values 0004D:0004A
wifi: switching to channel 13
wifi: TRX power ON
received frame but bad channel 6 (expected 13)
wifi: TRX power OFF
wifi: invalid channel values 0004B:00008
wifi: switching to channel 1
wifi: TRX power ON
wifi: TRX power OFF
wifi: invalid channel values 0004C:0006C
wifi: switching to channel 7
wifi: TRX power ON
wifi: TRX power OFF
wifi: invalid channel values 0004D:0004A
wifi: switching to channel 13
wifi: TRX power ON
received frame but bad channel 6 (expected 13)
wifi: TRX power OFF
wifi: invalid channel values 0004B:00008
wifi: switching to channel 1
wifi: TRX power ON
wifi: TRX power OFF
wifi: invalid channel values 0004C:0006C
wifi: switching to channel 7
wifi: TRX power ON
wifi: TRX power OFF
wifi: invalid channel values 0004D:0004A
wifi: switching to channel 13
wifi: TRX power ON
received frame but bad channel 6 (expected 13)
wifi: TRX power OFF
wifi: invalid channel values 0004B:00008
wifi: switching to channel 1
wifi: TRX power ON
wifi: TRX power OFF
wifi: invalid channel values 0004C:0006C
wifi: switching to channel 7
wifi: TRX power ON
received frame but bad channel 6 (expected 7)
wifi: TRX power OFF
wifi: invalid channel values 0004D:0004A
wifi: switching to channel 13
wifi: TRX power ON
wifi: TRX power OFF
wifi: invalid channel values 0004B:00008
wifi: switching to channel 1
wifi: TRX power ON
wifi: TRX power OFF
wifi: invalid channel values 0004C:0006C
wifi: switching to channel 7
wifi: TRX power ON
received frame but bad channel 6 (expected 7)
wifi: TRX power OFF
wifi: invalid channel values 0004D:0004A
wifi: switching to channel 13
wifi: TRX power ON
wifi: TRX power OFF
wifi: invalid channel values 0004B:00008
wifi: switching to channel 1
wifi: TRX power ON
received frame but bad channel 6 (expected 1)
wifi: TRX power OFF
wifi: invalid channel values 0004C:0006C
wifi: switching to channel 7
wifi: TRX power ON
wifi: TRX power OFF
wifi: invalid channel values 0004D:0004A
wifi: switching to channel 13
wifi: TRX power ON
wifi: TRX power OFF
wifi: invalid channel values 0004B:00008
wifi: switching to channel 1
wifi: TRX power ON
received frame but bad channel 6 (expected 1)
wifi: TRX power OFF
wifi: invalid channel values 0004C:0006C
wifi: switching to channel 7
wifi: TRX power ON
wifi: TRX power OFF
wifi: invalid channel values 0004D:0004A
wifi: switching to channel 13
wifi: TRX power ON
wifi: TRX power OFF
wifi: invalid channel values 0004B:00008
wifi: switching to channel 1
wifi: TRX power ON
received frame but bad channel 6 (expected 1)
wifi: TRX power OFF
wifi: invalid channel values 0004C:0006C
wifi: switching to channel 7
wifi: TRX power ON
wifi: TRX power OFF
wifi: invalid channel values 0004D:0004A
wifi: switching to channel 13
wifi: TRX power ON
received frame but bad channel 6 (expected 13)
wifi: TRX power OFF
wifi: invalid channel values 0004B:00008
wifi: switching to channel 1
wifi: TRX power ON
wifi: TRX power OFF
wifi: invalid channel values 0004C:0006C
wifi: switching to channel 7
wifi: TRX power ON
wifi: TRX power OFF
wifi: invalid channel values 0004D:0004A
wifi: switching to channel 13
wifi: TRX power ON
received frame but bad channel 6 (expected 13)
wifi: TRX power OFF
wifi: invalid channel values 0004B:00008
wifi: switching to channel 1
wifi: TRX power ON
wifi: TRX power OFF
wifi: invalid channel values 0004C:0006C
wifi: switching to channel 7
wifi: TRX power ON
wifi: TRX power OFF
wifi: invalid channel values 0004D:0004A
wifi: switching to channel 13
wifi: TRX power ON
received frame but bad channel 6 (expected 13)
wifi: TRX power OFF
wifi: invalid channel values 0004B:00008
wifi: switching to channel 1
wifi: TRX power ON
wifi: TRX power OFF
wifi: invalid channel values 0004C:0006C
wifi: switching to channel 7
wifi: TRX power ON
received frame but bad channel 6 (expected 7)
wifi: TRX power OFF
wifi: invalid channel values 0004D:0004A
wifi: switching to channel 13
wifi: TRX power ON
wifi: TRX power OFF
wifi: invalid channel values 0004B:00008
wifi: switching to channel 1
wifi: TRX power ON
wifi: TRX power OFF
wifi: invalid channel values 0004C:0006C
wifi: switching to channel 7
wifi: TRX power ON
received frame but bad channel 6 (expected 7)
wifi: TRX power OFF
wifi: switching to channel 7
wifi: invalid channel values 0004C:0004F
WIFI: OFF
Opened "/home/barret/.config/melonDS/melonDS.toml" with FileMode 0x1 (effective mode "rb")
Opened "/home/barret/.config/melonDS/melonDS.toml" with FileMode 0x20 (effective mode "ab")
Opened "/home/barret/.config/melonDS/rtc.bin" with FileMode 0x2 (effective mode "wb")
H8/300 has been killedResetting JIT block cache...
done resetting jit mem
unmappinged everything
Opened "/home/barret/.config/melonDS/melonDS.toml" with FileMode 0x1 (effective mode "rb")
Opened "/home/barret/.config/melonDS/melonDS.toml" with FileMode 0x20 (effective mode "ab")
